<?xml version="1.0" encoding="UTF-8"?>
<testng-results skipped="0" failed="0" total="1" passed="1">
  <reporter-output>
  </reporter-output>
  <suite name="Default suite" duration-ms="39" started-at="2016-08-29T10:37:51Z" finished-at="2016-08-29T10:37:51Z">
    <groups>
    </groups>
    <test name="Default test" duration-ms="39" started-at="2016-08-29T10:37:51Z" finished-at="2016-08-29T10:37:51Z">
      <class name="TestDemo">
        <test-method status="PASS" signature="testMain()[pri:0, instance:TestDemo@5b1d2887]" name="testMain" duration-ms="19" started-at="2016-08-29T18:37:51Z" finished-at="2016-08-29T18:37:51Z">
          <reporter-output>
          </reporter-output>
        </test-method> <!-- testMain -->
      </class> <!-- TestDemo -->
    </test> <!-- Default test -->
  </suite> <!-- Default suite -->
</testng-results>
